*c* argument looks like a single numeric RGB or RGBA sequence, which should be avoided as value-mapping will have precedence in case its length matches with *x* & *y*.  Please use the *color* keyword-argument or provide a 2D array with a single row if you intend to specify the same RGB or RGBA value for all points.
*c* argument looks like a single numeric RGB or RGBA sequence, which should be avoided as value-mapping will have precedence in case its length matches with *x* & *y*.  Please use the *color* keyword-argument or provide a 2D array with a single row if you intend to specify the same RGB or RGBA value for all points.
2022-11-03 13:02:02,867:qiskit.compiler.assembler:INFO: Total Assembly Time - 0.11301 (ms)
2022-11-03 13:02:02,869:qiskit.compiler.assembler:INFO: Total Assembly Time - 0.06485 (ms)
2022-11-03 13:02:02,870:qiskit.compiler.assembler:INFO: Total Assembly Time - 0.05722 (ms)
2022-11-03 13:02:02,870:qiskit.compiler.assembler:INFO: Total Assembly Time - 0.05603 (ms)
2022-11-03 13:02:02,871:qiskit.compiler.assembler:INFO: Total Assembly Time - 0.05603 (ms)
2022-11-03 13:02:02,872:qiskit.compiler.assembler:INFO: Total Assembly Time - 0.05603 (ms)
2022-11-03 13:02:02,872:qiskit.compiler.assembler:INFO: Total Assembly Time - 0.06104 (ms)
2022-11-03 13:02:02,873:qiskit.compiler.assembler:INFO: Total Assembly Time - 0.05579 (ms)
2022-11-03 13:02:02,873:qiskit.compiler.assembler:INFO: Total Assembly Time - 0.05722 (ms)
2022-11-03 13:02:02,874:qiskit.compiler.assembler:INFO: Total Assembly Time - 0.05698 (ms)
2022-11-03 13:02:02,874:qiskit.compiler.assembler:INFO: Total Assembly Time - 0.05889 (ms)
2022-11-03 13:02:03,132:qiskit.utils.quantum_instance:INFO: 
Qiskit Terra version: 0.22.0
Backend: 'qasm_simulator (BasicAer)', with following setting:
{'basis_gates': ['u1', 'u2', 'u3', 'rz', 'sx', 'x', 'cx', 'id', 'unitary'], 'coupling_map': None}
{'initial_layout': None, 'seed_transpiler': 1993, 'optimization_level': None}
RunConfig(seed_simulator=1993, shots=256)
{'timeout': None}
{}
{}
Measurement mitigation: None
2022-11-03 13:02:03,227:qiskit.transpiler.runningpassmanager:INFO: Pass: ContainsInstruction - 0.01192 (ms)
2022-11-03 13:02:03,227:qiskit.transpiler.runningpassmanager:INFO: Pass: UnitarySynthesis - 0.00310 (ms)
2022-11-03 13:02:03,227:qiskit.transpiler.runningpassmanager:INFO: Pass: HighLevelSynthesis - 0.12207 (ms)
2022-11-03 13:02:03,231:qiskit.transpiler.runningpassmanager:INFO: Pass: UnrollCustomDefinitions - 3.74794 (ms)
2022-11-03 13:02:03,231:qiskit.transpiler.passes.basis.basis_translator:INFO: Begin BasisTranslator from source basis {('h', 1), ('measure', 1), ('barrier', 2), ('p', 1), ('cx', 2)} to target basis {'u2', 'id', 'unitary', 'sx', 'x', 'barrier', 'rz', 'delay', 'cx', 'measure', 'reset', 'snapshot', 'u1', 'u3'}.
2022-11-03 13:02:03,231:qiskit.transpiler.passes.basis.basis_translator:DEBUG: Begining basis search from {('h', 1), ('measure', 1), ('barrier', 2), ('p', 1), ('cx', 2)} to {'u2', 'id', 'unitary', 'sx', 'x', 'barrier', 'rz', 'delay', 'cx', 'measure', 'reset', 'snapshot', 'u1', 'u3'}.
2022-11-03 13:02:03,232:qiskit.transpiler.passes.basis.basis_translator:DEBUG: Gate u generated using rule 
   ┌───────────────────┐
q: ┤ U3(theta,phi,lam) ├
   └───────────────────┘
 with total cost of 1.0.
2022-11-03 13:02:03,621:qiskit.transpiler.passes.basis.basis_translator:DEBUG: Gate r generated using rule 
   ┌───────────────────────────────────┐
q: ┤ U3(theta,phi - π/2,π/2 - 1.0*phi) ├
   └───────────────────────────────────┘
 with total cost of 1.0.
2022-11-03 13:02:03,674:qiskit.transpiler.passes.basis.basis_translator:DEBUG: Gate p generated using rule 
   ┌──────────────┐
q: ┤ U(0,0,theta) ├
   └──────────────┘
 with total cost of 1.0.
2022-11-03 13:02:03,675:qiskit.transpiler.passes.basis.basis_translator:DEBUG: Gate ry generated using rule 
   ┌──────────────┐
q: ┤ R(theta,π/2) ├
   └──────────────┘
 with total cost of 1.0.
2022-11-03 13:02:03,675:qiskit.transpiler.passes.basis.basis_translator:DEBUG: Gate h generated using rule 
   ┌─────────┐
q: ┤ U2(0,π) ├
   └─────────┘
 with total cost of 1.0.
2022-11-03 13:02:03,676:qiskit.transpiler.passes.basis.basis_translator:DEBUG: Transformation path:
2022-11-03 13:02:03,676:qiskit.transpiler.passes.basis.basis_translator:DEBUG: h/1 => []
   ┌─────────┐
q: ┤ U2(0,π) ├
   └─────────┘
2022-11-03 13:02:03,676:qiskit.transpiler.passes.basis.basis_translator:DEBUG: ry/1 => [Parameter(theta)]
   ┌──────────────┐
q: ┤ R(theta,π/2) ├
   └──────────────┘
2022-11-03 13:02:03,677:qiskit.transpiler.passes.basis.basis_translator:DEBUG: p/1 => [Parameter(theta)]
   ┌──────────────┐
q: ┤ U(0,0,theta) ├
   └──────────────┘
2022-11-03 13:02:03,677:qiskit.transpiler.passes.basis.basis_translator:DEBUG: r/1 => [Parameter(theta), Parameter(phi)]
   ┌───────────────────────────────────┐
q: ┤ U3(theta,phi - π/2,π/2 - 1.0*phi) ├
   └───────────────────────────────────┘
2022-11-03 13:02:03,678:qiskit.transpiler.passes.basis.basis_translator:DEBUG: u/1 => [Parameter(theta), Parameter(phi), Parameter(lam)]
   ┌───────────────────┐
q: ┤ U3(theta,phi,lam) ├
   └───────────────────┘
2022-11-03 13:02:03,679:qiskit.transpiler.passes.basis.basis_translator:INFO: Basis translation path search completed in 0.448s.
2022-11-03 13:02:03,679:qiskit.transpiler.passes.basis.basis_translator:DEBUG: Composing transform step: h/1 [] =>
   ┌─────────┐
q: ┤ U2(0,π) ├
   └─────────┘
2022-11-03 13:02:03,680:qiskit.transpiler.passes.basis.basis_translator:DEBUG: Updating transform for mapped instr ('h', 1) h, [] from 
    ┌───┐
q0: ┤ h ├
    └───┘
2022-11-03 13:02:03,680:qiskit.transpiler.passes.basis.basis_translator:DEBUG: Updated transform for mapped instr ('h', 1) h, [] to
    ┌─────────┐
q0: ┤ U2(0,π) ├
    └─────────┘
2022-11-03 13:02:03,681:qiskit.transpiler.passes.basis.basis_translator:DEBUG: Composing transform step: ry/1 [Parameter(theta)] =>
   ┌──────────────┐
q: ┤ R(theta,π/2) ├
   └──────────────┘
2022-11-03 13:02:03,681:qiskit.transpiler.passes.basis.basis_translator:DEBUG: Composing transform step: p/1 [Parameter(theta)] =>
   ┌──────────────┐
q: ┤ U(0,0,theta) ├
   └──────────────┘
2022-11-03 13:02:03,682:qiskit.transpiler.passes.basis.basis_translator:DEBUG: Updating transform for mapped instr ('p', 1) p, ['p[0]'] from 
    ┌─────────┐
q3: ┤ p(p[0]) ├
    └─────────┘
2022-11-03 13:02:03,682:qiskit.transpiler.passes.basis.basis_translator:DEBUG: Updated transform for mapped instr ('p', 1) p, ['p[0]'] to
    ┌─────────────┐
q3: ┤ U(0,0,p[0]) ├
    └─────────────┘
2022-11-03 13:02:03,683:qiskit.transpiler.passes.basis.basis_translator:DEBUG: Composing transform step: r/1 [Parameter(theta), Parameter(phi)] =>
   ┌───────────────────────────────────┐
q: ┤ U3(theta,phi - π/2,π/2 - 1.0*phi) ├
   └───────────────────────────────────┘
2022-11-03 13:02:03,684:qiskit.transpiler.passes.basis.basis_translator:DEBUG: Composing transform step: u/1 [Parameter(theta), Parameter(phi), Parameter(lam)] =>
   ┌───────────────────┐
q: ┤ U3(theta,phi,lam) ├
   └───────────────────┘
2022-11-03 13:02:03,684:qiskit.transpiler.passes.basis.basis_translator:DEBUG: Updating transform for mapped instr ('p', 1) p, ['p[0]'] from 
    ┌─────────────┐
q3: ┤ U(0,0,p[0]) ├
    └─────────────┘
2022-11-03 13:02:03,685:qiskit.transpiler.passes.basis.basis_translator:DEBUG: Updated transform for mapped instr ('p', 1) p, ['p[0]'] to
    ┌──────────────┐
q3: ┤ U3(0,0,p[0]) ├
    └──────────────┘
2022-11-03 13:02:03,689:qiskit.transpiler.passes.basis.basis_translator:INFO: Basis translation paths composed in 0.011s.
2022-11-03 13:02:03,692:qiskit.transpiler.passes.basis.basis_translator:INFO: Basis translation instructions replaced in 0.003s.
2022-11-03 13:02:03,692:qiskit.transpiler.runningpassmanager:INFO: Pass: BasisTranslator - 461.25126 (ms)
2022-11-03 13:02:03,692:qiskit.transpiler.runningpassmanager:INFO: Pass: RemoveResetInZeroState - 0.03672 (ms)
2022-11-03 13:02:03,692:qiskit.transpiler.runningpassmanager:INFO: Pass: Depth - 0.09608 (ms)
2022-11-03 13:02:03,693:qiskit.transpiler.runningpassmanager:INFO: Pass: FixedPoint - 0.01311 (ms)
2022-11-03 13:02:03,693:qiskit.transpiler.runningpassmanager:INFO: Pass: Size - 0.03791 (ms)
2022-11-03 13:02:03,693:qiskit.transpiler.runningpassmanager:INFO: Pass: FixedPoint - 0.01001 (ms)
2022-11-03 13:02:03,696:qiskit.transpiler.runningpassmanager:INFO: Pass: Optimize1qGatesDecomposition - 2.74301 (ms)
2022-11-03 13:02:03,696:qiskit.transpiler.runningpassmanager:INFO: Pass: CXCancellation - 0.11301 (ms)
2022-11-03 13:02:03,696:qiskit.transpiler.runningpassmanager:INFO: Pass: GatesInBasis - 0.03886 (ms)
2022-11-03 13:02:03,696:qiskit.transpiler.runningpassmanager:INFO: Pass: Depth - 0.05698 (ms)
2022-11-03 13:02:03,696:qiskit.transpiler.runningpassmanager:INFO: Pass: FixedPoint - 0.00787 (ms)
2022-11-03 13:02:03,696:qiskit.transpiler.runningpassmanager:INFO: Pass: Size - 0.02789 (ms)
2022-11-03 13:02:03,696:qiskit.transpiler.runningpassmanager:INFO: Pass: FixedPoint - 0.00691 (ms)
2022-11-03 13:02:03,698:qiskit.transpiler.runningpassmanager:INFO: Pass: Optimize1qGatesDecomposition - 2.13909 (ms)
2022-11-03 13:02:03,699:qiskit.transpiler.runningpassmanager:INFO: Pass: CXCancellation - 0.06700 (ms)
2022-11-03 13:02:03,699:qiskit.transpiler.runningpassmanager:INFO: Pass: GatesInBasis - 0.03600 (ms)
2022-11-03 13:02:03,699:qiskit.transpiler.runningpassmanager:INFO: Pass: Depth - 0.05102 (ms)
2022-11-03 13:02:03,699:qiskit.transpiler.runningpassmanager:INFO: Pass: FixedPoint - 0.00787 (ms)
2022-11-03 13:02:03,699:qiskit.transpiler.runningpassmanager:INFO: Pass: Size - 0.02789 (ms)
2022-11-03 13:02:03,699:qiskit.transpiler.runningpassmanager:INFO: Pass: FixedPoint - 0.00691 (ms)
2022-11-03 13:02:03,699:qiskit.transpiler.runningpassmanager:INFO: Pass: ContainsInstruction - 0.03386 (ms)
2022-11-03 13:02:03,700:qiskit.compiler.transpiler:INFO: Total Transpile Time - 555.80616 (ms)
2022-11-03 13:02:04,314:qiskit.compiler.assembler:INFO: Total Assembly Time - 2.90298 (ms)
2022-11-03 13:02:06,330:qiskit.compiler.assembler:INFO: Total Assembly Time - 2.66600 (ms)
2022-11-03 13:02:08,350:qiskit.compiler.assembler:INFO: Total Assembly Time - 2.81310 (ms)
2022-11-03 13:02:10,431:qiskit.compiler.assembler:INFO: Total Assembly Time - 3.21102 (ms)
2022-11-03 13:02:12,345:qiskit.compiler.assembler:INFO: Total Assembly Time - 3.01909 (ms)
2022-11-03 13:02:14,243:qiskit.compiler.assembler:INFO: Total Assembly Time - 2.58088 (ms)
2022-11-03 13:02:16,135:qiskit.compiler.assembler:INFO: Total Assembly Time - 2.68102 (ms)
2022-11-03 13:02:18,175:qiskit.compiler.assembler:INFO: Total Assembly Time - 2.74682 (ms)
Traceback (most recent call last):
  File "train.py", line 177, in <module>
    pipe_qml.fit(X_train, y_train)
  File "/Users/jjprietotorres/Documents/otros/Proyectos/QuantumML/quantumml_venv/lib/python3.8/site-packages/sklearn/pipeline.py", line 382, in fit
    self._final_estimator.fit(Xt, y, **fit_params_last_step)
  File "/Users/jjprietotorres/Documents/otros/Proyectos/QuantumML/quantumml_venv/lib/python3.8/site-packages/sklearn/svm/_base.py", line 251, in fit
    fit(X, y, sample_weight, solver_type, kernel, random_seed=seed)
  File "/Users/jjprietotorres/Documents/otros/Proyectos/QuantumML/quantumml_venv/lib/python3.8/site-packages/sklearn/svm/_base.py", line 314, in _dense_fit
    X = self._compute_kernel(X)
  File "/Users/jjprietotorres/Documents/otros/Proyectos/QuantumML/quantumml_venv/lib/python3.8/site-packages/sklearn/svm/_base.py", line 512, in _compute_kernel
    kernel = self.kernel(X, self.__Xfit)
  File "/Users/jjprietotorres/Documents/otros/Proyectos/QuantumML/quantumml_venv/lib/python3.8/site-packages/qiskit_machine_learning/kernels/quantum_kernel.py", line 545, in evaluate
    results = self._quantum_instance.execute(circuits, had_transpiled=True)
  File "/Users/jjprietotorres/Documents/otros/Proyectos/QuantumML/quantumml_venv/lib/python3.8/site-packages/qiskit/utils/quantum_instance.py", line 712, in execute
    result = run_circuits(
  File "/Users/jjprietotorres/Documents/otros/Proyectos/QuantumML/quantumml_venv/lib/python3.8/site-packages/qiskit/utils/run_circuits.py", line 183, in run_circuits
    job, job_id = _safe_submit_circuits(
  File "/Users/jjprietotorres/Documents/otros/Proyectos/QuantumML/quantumml_venv/lib/python3.8/site-packages/qiskit/utils/run_circuits.py", line 318, in _safe_submit_circuits
    job = _run_circuits_on_backend(
  File "/Users/jjprietotorres/Documents/otros/Proyectos/QuantumML/quantumml_venv/lib/python3.8/site-packages/qiskit/utils/run_circuits.py", line 403, in _run_circuits_on_backend
    return backend.run(circuits, **run_kwargs)
  File "/Users/jjprietotorres/Documents/otros/Proyectos/QuantumML/quantumml_venv/lib/python3.8/site-packages/qiskit/providers/basicaer/qasm_simulator.py", line 412, in run
    qobj = assemble(qobj, self, **out_options)
  File "/Users/jjprietotorres/Documents/otros/Proyectos/QuantumML/quantumml_venv/lib/python3.8/site-packages/qiskit/compiler/assembler.py", line 208, in assemble
    return assemble_circuits(
  File "/Users/jjprietotorres/Documents/otros/Proyectos/QuantumML/quantumml_venv/lib/python3.8/site-packages/qiskit/assembler/assemble_circuits.py", line 317, in assemble_circuits
    experiments_and_pulse_libs = parallel_map(_assemble_circuit, circuits, [run_config])
  File "/Users/jjprietotorres/Documents/otros/Proyectos/QuantumML/quantumml_venv/lib/python3.8/site-packages/qiskit/tools/parallel.py", line 186, in parallel_map
    result = task(value, *task_args, **task_kwargs)
  File "/Users/jjprietotorres/Documents/otros/Proyectos/QuantumML/quantumml_venv/lib/python3.8/site-packages/qiskit/assembler/assemble_circuits.py", line 82, in _assemble_circuit
    qubit_indices = {qubit: idx for idx, qubit in enumerate(circuit.qubits)}
KeyboardInterrupt
